<?xml version="1.0" encoding="UTF-8"?>
<testng-results ignored="0" total="1" passed="1" failed="0" skipped="0">
  <reporter-output>
  </reporter-output>
  <suite started-at="2023-07-19T12:38:23 IST" name="Default suite" finished-at="2023-07-19T12:38:32 IST" duration-ms="8411">
    <groups>
    </groups>
    <test started-at="2023-07-19T12:38:23 IST" name="Default test" finished-at="2023-07-19T12:38:32 IST" duration-ms="8411">
      <class name="com.inetbanking.testCases.TC_LoginTest_001">
        <test-method is-config="true" signature="setup()[pri:0, instance:com.inetbanking.testCases.TC_LoginTest_001@2fb3536e]" started-at="2023-07-19T12:38:23 IST" name="setup" finished-at="2023-07-19T12:38:25 IST" duration-ms="1646" status="PASS">
          <reporter-output>
          </reporter-output>
        </test-method> <!-- setup -->
        <test-method signature="loginTest()[pri:0, instance:com.inetbanking.testCases.TC_LoginTest_001@2fb3536e]" started-at="2023-07-19T12:38:25 IST" name="loginTest" finished-at="2023-07-19T12:38:32 IST" duration-ms="6559" status="PASS">
          <reporter-output>
          </reporter-output>
        </test-method> <!-- loginTest -->
        <test-method is-config="true" signature="tearDown()[pri:0, instance:com.inetbanking.testCases.TC_LoginTest_001@2fb3536e]" started-at="2023-07-19T12:38:32 IST" name="tearDown" finished-at="2023-07-19T12:38:32 IST" duration-ms="173" status="PASS">
          <reporter-output>
          </reporter-output>
        </test-method> <!-- tearDown -->
      </class> <!-- com.inetbanking.testCases.TC_LoginTest_001 -->
    </test> <!-- Default test -->
  </suite> <!-- Default suite -->
</testng-results>
